[debug] [2025-08-04T18:06:54.376Z] ----------------------------------------------------------------------
[debug] [2025-08-04T18:06:54.377Z] Command:       /Users/macair/.nvm/versions/node/v20.19.0/bin/node /Users/macair/.nvm/versions/node/v20.19.0/bin/firebase init
[debug] [2025-08-04T18:06:54.377Z] CLI Version:   14.11.2
[debug] [2025-08-04T18:06:54.378Z] Platform:      darwin
[debug] [2025-08-04T18:06:54.378Z] Node Version:  v20.19.0
[debug] [2025-08-04T18:06:54.378Z] Time:          Mon Aug 04 2025 23:06:54 GMT+0500 (Uzbekistan Standard Time)
[debug] [2025-08-04T18:06:54.378Z] ----------------------------------------------------------------------
[debug] 
[debug] [2025-08-04T18:06:54.379Z] >>> [apiv2][query] GET https://firebase-public.firebaseio.com/cli.json [none]
[debug] [2025-08-04T18:06:54.406Z] > command requires scopes: ["email","openid","https://www.googleapis.com/auth/cloudplatformprojects.readonly","https://www.googleapis.com/auth/firebase","https://www.googleapis.com/auth/cloud-platform"]
[debug] [2025-08-04T18:06:54.406Z] > authorizing via signed-in user (abdurazzoqov0132505@gmail.com)
[info] 
     ######## #### ########  ######## ########     ###     ######  ########
     ##        ##  ##     ## ##       ##     ##  ##   ##  ##       ##
     ######    ##  ########  ######   ########  #########  ######  ######
     ##        ##  ##    ##  ##       ##     ## ##     ##       ## ##
     ##       #### ##     ## ######## ########  ##     ##  ######  ########

You're about to initialize a Firebase project in this directory:

  /Users/macair/Desktop/ProjectForHR/uz-academy

[debug] [2025-08-04T18:06:54.945Z] <<< [apiv2][status] GET https://firebase-public.firebaseio.com/cli.json 200
[debug] [2025-08-04T18:06:54.946Z] <<< [apiv2][body] GET https://firebase-public.firebaseio.com/cli.json {"cloudBuildErrorAfter":1594252800000,"cloudBuildWarnAfter":1590019200000,"defaultNode10After":1594252800000,"minVersion":"3.0.5","node8DeploysDisabledAfter":1613390400000,"node8RuntimeDisabledAfter":1615809600000,"node8WarnAfter":1600128000000}
